<?xml version="1.0" encoding="UTF-8"?>
<testsuite xmlns:xsi="http://www.w3.org/2001/XMLSchema-instance" xsi:noNamespaceSchemaLocation="https://maven.apache.org/surefire/maven-surefire-plugin/xsd/surefire-test-report.xsd" version="3.0.2" name="PasswordEncoderTest" time="0.106" tests="0" errors="0" skipped="0" failures="0">
  <properties>
[...]
</properties>
  <testcase name="wouldUseBCryptOrSimilarIfImplemented" classname="Implementation Status Tests" time="0.013"/>
  <testcase name="wouldSupportConfigurableSecurityParameters" classname="Implementation Status Tests" time="0.0"/>
  <testcase name="shouldHandleEmptyImplementationGracefully" classname="Implementation Status Tests" time="0.0"/>
  <testcase name="shouldHandleVeryLongPasswords" classname="Password Hashing Tests" time="0.025"/>
  <testcase name="shouldHandleUnicodeCharactersInPasswords" classname="Password Hashing Tests" time="0.001"/>
  <testcase name="shouldHashPasswordSuccessfully" classname="Password Hashing Tests" time="0.001"/>
  <testcase name="shouldHandleNullPassword" classname="Password Hashing Tests" time="0.005">
    <failure message="Unexpected exception type thrown, expected: &lt;java.lang.IllegalArgumentException&gt; but was: &lt;java.lang.NullPointerException&gt;" type="org.opentest4j.AssertionFailedError"><![CDATA[org.opentest4j.AssertionFailedError: Unexpected exception type thrown, expected: <java.lang.IllegalArgumentException> but was: <java.lang.NullPointerException>
	at org.junit.jupiter.api.AssertionFailureBuilder.build(AssertionFailureBuilder.java:151)
	at org.junit.jupiter.api.AssertThrows.assertThrows(AssertThrows.java:67)
	at org.junit.jupiter.api.AssertThrows.assertThrows(AssertThrows.java:35)
	at org.junit.jupiter.api.Assertions.assertThrows(Assertions.java:3111)
	at PasswordEncoderTest$PasswordHashingTests.shouldHandleNullPassword(PasswordEncoderTest.java:74)
	at java.base/java.lang.reflect.Method.invoke(Method.java:565)
	at java.base/java.util.ArrayList.forEach(ArrayList.java:1604)
	at java.base/java.util.ArrayList.forEach(ArrayList.java:1604)
	at java.base/java.util.ArrayList.forEach(ArrayList.java:1604)
Caused by: java.lang.NullPointerException: Cannot invoke "String.getBytes(java.nio.charset.Charset)" because "raw" is null
	at infrastructure.security.PasswordEncoder.hash(PasswordEncoder.java:32)
	at PasswordEncoderTest$PasswordHashingTests.lambda$shouldHandleNullPassword$0(PasswordEncoderTest.java:74)
	at org.junit.jupiter.api.AssertThrows.assertThrows(AssertThrows.java:53)
	... 7 more
]]></failure>
  </testcase>
  <testcase name="shouldHandleEmptyPassword" classname="Password Hashing Tests" time="0.001"/>
  <testcase name="shouldHandleSpecialCharactersInPasswords" classname="Password Hashing Tests" time="0.001"/>
  <testcase name="shouldGenerateDifferentHashesForSamePassword" classname="Password Hashing Tests" time="0.001"/>
  <testcase name="shouldHandleWhitespacePasswords" classname="Edge Case Tests" time="0.002"/>
  <testcase name="shouldHandleSingleCharacterPasswords" classname="Edge Case Tests" time="0.001"/>
  <testcase name="shouldHandlePasswordsWithLineBreaks" classname="Edge Case Tests" time="0.001"/>
  <testcase name="shouldHandleNumericPasswords" classname="Edge Case Tests" time="0.001"/>
  <testcase name="shouldWorkWithAuthenticationWorkflow" classname="Integration Tests" time="0.001"/>
  <testcase name="shouldWorkWithPasswordChangeWorkflow" classname="Integration Tests" time="0.003"/>
  <testcase name="shouldResistTimingAttacksInVerification" classname="Security Properties Tests" time="0.001"/>
  <testcase name="shouldUseSaltInHashing" classname="Security Properties Tests" time="0.0"/>
  <testcase name="shouldProduceConsistentHashLength" classname="Security Properties Tests" time="0.0"/>
  <testcase name="shouldBeComputationallyExpensive" classname="Security Properties Tests" time="0.001"/>
  <testcase name="shouldHandleNullPlainPasswordInVerification" classname="Password Verification Tests" time="0.002">
    <failure message="Expected java.lang.IllegalArgumentException to be thrown, but nothing was thrown." type="org.opentest4j.AssertionFailedError"><![CDATA[org.opentest4j.AssertionFailedError: Expected java.lang.IllegalArgumentException to be thrown, but nothing was thrown.
	at org.junit.jupiter.api.AssertionFailureBuilder.build(AssertionFailureBuilder.java:152)
	at org.junit.jupiter.api.AssertThrows.assertThrows(AssertThrows.java:73)
	at org.junit.jupiter.api.AssertThrows.assertThrows(AssertThrows.java:35)
	at org.junit.jupiter.api.Assertions.assertThrows(Assertions.java:3111)
	at PasswordEncoderTest$PasswordVerificationTests.shouldHandleNullPlainPasswordInVerification(PasswordEncoderTest.java:160)
	at java.base/java.lang.reflect.Method.invoke(Method.java:565)
	at java.base/java.util.ArrayList.forEach(ArrayList.java:1604)
	at java.base/java.util.ArrayList.forEach(ArrayList.java:1604)
	at java.base/java.util.ArrayList.forEach(ArrayList.java:1604)
]]></failure>
  </testcase>
  <testcase name="shouldHandleNullHashedPasswordInVerification" classname="Password Verification Tests" time="0.001">
    <failure message="Expected java.lang.IllegalArgumentException to be thrown, but nothing was thrown." type="org.opentest4j.AssertionFailedError"><![CDATA[org.opentest4j.AssertionFailedError: Expected java.lang.IllegalArgumentException to be thrown, but nothing was thrown.
	at org.junit.jupiter.api.AssertionFailureBuilder.build(AssertionFailureBuilder.java:152)
	at org.junit.jupiter.api.AssertThrows.assertThrows(AssertThrows.java:73)
	at org.junit.jupiter.api.AssertThrows.assertThrows(AssertThrows.java:35)
	at org.junit.jupiter.api.Assertions.assertThrows(Assertions.java:3111)
	at PasswordEncoderTest$PasswordVerificationTests.shouldHandleNullHashedPasswordInVerification(PasswordEncoderTest.java:171)
	at java.base/java.lang.reflect.Method.invoke(Method.java:565)
	at java.base/java.util.ArrayList.forEach(ArrayList.java:1604)
	at java.base/java.util.ArrayList.forEach(ArrayList.java:1604)
	at java.base/java.util.ArrayList.forEach(ArrayList.java:1604)
]]></failure>
  </testcase>
  <testcase name="shouldHandleEmptyStringsInVerification" classname="Password Verification Tests" time="0.001"/>
  <testcase name="shouldHandleCaseSensitivity" classname="Password Verification Tests" time="0.0"/>
  <testcase name="shouldVerifyCorrectPassword" classname="Password Verification Tests" time="0.0"/>
  <testcase name="shouldRejectIncorrectPassword" classname="Password Verification Tests" time="0.001"/>
  <testcase name="shouldRejectMalformedHashes" classname="Password Verification Tests" time="0.0"/>
  <testcase name="shouldHandleMultipleConcurrentHashOperations" classname="Performance Tests" time="0.001"/>
  <testcase name="shouldMaintainConsistentPerformance" classname="Performance Tests" time="0.003"/>
  <testcase name="shouldSupportPasswordStrengthValidation" classname="Future Implementation Requirements" time="0.0"/>
  <testcase name="shouldIntegrateWithAuthenticationSystem" classname="Future Implementation Requirements" time="0.0"/>
  <testcase name="shouldSupportSecurePasswordStorage" classname="Future Implementation Requirements" time="0.001"/>
</testsuite>