<?xml version="1.0" encoding="UTF-8"?>
<testsuite xmlns:xsi="http://www.w3.org/2001/XMLSchema-instance" xsi:noNamespaceSchemaLocation="https://maven.apache.org/surefire/maven-surefire-plugin/xsd/surefire-test-report.xsd" version="3.0.2" name="cli.SeedUsersTest" time="0.189" tests="0" errors="0" skipped="0" failures="0">
  <properties>
[...]
</properties>
  <testcase name="shouldBeCallableWithoutInstance" classname="Static Utility Method Tests" time="0.085"/>
  <testcase name="shouldHandleNullDependenciesGracefully" classname="Static Utility Method Tests" time="0.002"/>
  <testcase name="shouldBeAStaticUtilityMethod" classname="Static Utility Method Tests" time="0.001"/>
  <testcase name="shouldNotExposePasswordsInLogsOrOutput" classname="Security Tests" time="0.002"/>
  <testcase name="shouldUseDifferentPasswordsForDifferentUsers" classname="Security Tests" time="0.007"/>
  <testcase name="shouldAssignCorrectRolesToUsers" classname="Security Tests" time="0.004"/>
  <testcase name="shouldProduceNoOutputWhenAllUsersExist" classname="Console Output Tests" time="0.002"/>
  <testcase name="shouldIncludeCredentialsInOutputMessages" classname="Console Output Tests" time="0.001"/>
  <testcase name="shouldPrintCreationMessagesForEachNewUser" classname="Console Output Tests" time="0.003"/>
  <testcase name="shouldCreateUsersWithCorrectIdForNewRecords" classname="User Creation Tests" time="0.002"/>
  <testcase name="shouldNotCreateAnyUsersWhenAllExist" classname="User Creation Tests" time="0.002"/>
  <testcase name="shouldCreateAllDemoUsersWhenNoneExist" classname="User Creation Tests" time="0.005"/>
  <testcase name="shouldSkipCreatingUsersThatAlreadyExist" classname="User Creation Tests" time="0.002"/>
  <testcase name="shouldUsePredefinedEmailFormats" classname="User Creation Tests" time="0.002"/>
  <testcase name="shouldHandleEmptyStringHashes" classname="Edge Case Tests" time="0.003"/>
  <testcase name="shouldHandleVeryLongHashedPasswords" classname="Edge Case Tests" time="0.002"/>
  <testcase name="shouldHandleMixedUserExistenceScenarios" classname="Edge Case Tests" time="0.002"/>
  <testcase name="shouldHandlePasswordEncoderExceptions" classname="Exception Handling Tests" time="0.005"/>
  <testcase name="shouldHandleRepositoryExceptionsDuringUserLookup" classname="Exception Handling Tests" time="0.001"/>
  <testcase name="shouldHandleRepositoryExceptionsDuringUserCreation" classname="Exception Handling Tests" time="0.001"/>
  <testcase name="shouldHandlePartialUserCreationFailures" classname="Exception Handling Tests" time="0.002"/>
  <testcase name="shouldHaveOnlyStaticMethods" classname="Utility Class Pattern Tests" time="0.002"/>
  <testcase name="shouldBeAFinalUtilityClass" classname="Utility Class Pattern Tests" time="0.001"/>
  <testcase name="shouldNotBeInstantiable" classname="Utility Class Pattern Tests" time="0.001"/>
  <testcase name="shouldHandleRepositoryTransactionScenarios" classname="Integration Tests" time="0.002"/>
  <testcase name="shouldWorkWithRealPasswordEncoderBehavior" classname="Integration Tests" time="0.006">
    <failure message="&#10;userRepository.upsert(&#10;    &lt;custom argument matcher&gt;&#10;);&#10;Wanted 1 time:&#10;-&gt; at cli.SeedUsersTest$IntegrationTests.shouldWorkWithRealPasswordEncoderBehavior(SeedUsersTest.java:488)&#10;But was 3 times:&#10;-&gt; at cli.SeedUsers.ensure(SeedUsers.java:26)&#10;-&gt; at cli.SeedUsers.ensure(SeedUsers.java:34)&#10;-&gt; at cli.SeedUsers.ensure(SeedUsers.java:42)&#10;&#10;" type="org.mockito.exceptions.verification.TooManyActualInvocations"><![CDATA[org.mockito.exceptions.verification.TooManyActualInvocations: 

userRepository.upsert(
    <custom argument matcher>
);
Wanted 1 time:
-> at cli.SeedUsersTest$IntegrationTests.shouldWorkWithRealPasswordEncoderBehavior(SeedUsersTest.java:488)
But was 3 times:
-> at cli.SeedUsers.ensure(SeedUsers.java:26)
-> at cli.SeedUsers.ensure(SeedUsers.java:34)
-> at cli.SeedUsers.ensure(SeedUsers.java:42)


	at cli.SeedUsersTest$IntegrationTests.shouldWorkWithRealPasswordEncoderBehavior(SeedUsersTest.java:488)
	at java.base/java.lang.reflect.Method.invoke(Method.java:565)
	at java.base/java.util.ArrayList.forEach(ArrayList.java:1604)
	at java.base/java.util.ArrayList.forEach(ArrayList.java:1604)
	at java.base/java.util.ArrayList.forEach(ArrayList.java:1604)
]]></failure>
  </testcase>
</testsuite>